Active-HDL 11.1.262.7351 2021-11-28 21:01:33

Elaboration top modules:
Architecture                  testRegFile_Arch(testRegFile)


------------------------------------------------------------------------------------------------------------
Entity        | Architecture       | Library         | Info | Compiler Version        | Compilation Options
------------------------------------------------------------------------------------------------------------
testRegFile   | testRegFile_Arch   | project_midterm |      | 11.1.262.7351 (Windows) | -O3
Register_file | Register_file_arch | project_midterm |      | 11.1.262.7351 (Windows) | -O3
------------------------------------------------------------------------------------------------------------

------------------------------------------------------------------------------------------------------------
VHDL Package                       | Library         | Info | Compiler Version        | Compilation Options
------------------------------------------------------------------------------------------------------------
standard                           | std             |      |                         | <unavailable>
TEXTIO                             | std             |      |                         | <unavailable>
std_logic_1164                     | ieee            |      |                         | <unavailable>
ENV                                | std             |      |                         | <unavailable>
NUMERIC_STD                        | ieee            |      |                         | <unavailable>
------------------------------------------------------------------------------------------------------------

------------------------------------------------------------------------------------------------------------
Library                            | Comment
------------------------------------------------------------------------------------------------------------
ieee                               | Standard IEEE packages library
project_midterm                    | None
std                                | Standard VHDL library
------------------------------------------------------------------------------------------------------------
